<?xml version="1.0" encoding="UTF-8"?>
<!-- Generated by org.testng.reporters.JUnitReportReporter -->
<testsuite skipped="0" hostname="Dreammoon" name="testNGProject.TestNGProject01" tests="3" failures="0" timestamp="12 Sep 2018 17:50:55 GMT" time="0.000" errors="0">
  <testcase name="testCase12" time="0.000" classname="testNGProject.TestNGProject01"/>
  <testcase name="testCase10" time="0.000" classname="testNGProject.TestNGProject01"/>
  <testcase name="testCase11" time="0.000" classname="testNGProject.TestNGProject01"/>
</testsuite> <!-- testNGProject.TestNGProject01 -->
