<?xml version="1.0" encoding="UTF-8"?>
<!-- Generated by org.testng.reporters.JUnitReportReporter -->
<testsuite skipped="0" hostname="Dreammoon" name="testNGProject.TestNGProject" tests="3" failures="0" timestamp="12 Sep 2018 17:43:14 GMT" time="0.015" errors="0">
  <testcase name="testCase06" time="0.000" classname="testNGProject.TestNGProject"/>
  <testcase name="testCase07" time="0.015" classname="testNGProject.TestNGProject"/>
  <testcase name="testCase09" time="0.000" classname="testNGProject.TestNGProject"/>
</testsuite> <!-- testNGProject.TestNGProject -->
